0 info it worked if it ends with ok
1 verbose cli [ 'node', '/usr/local/bin/npm', 'install', 'normalize.css' ]
2 info using npm@2.5.1
3 info using node@v0.12.0
4 silly cache add args [ 'normalize.css', null ]
5 verbose cache add spec normalize.css
6 silly cache add parsed spec { raw: 'normalize.css',
6 silly cache add   scope: null,
6 silly cache add   name: 'normalize.css',
6 silly cache add   rawSpec: '',
6 silly cache add   spec: '*',
6 silly cache add   type: 'range' }
7 verbose addNamed normalize.css@*
8 silly addNamed semver.valid null
9 silly addNamed semver.validRange *
10 silly addNameRange { name: 'normalize.css', range: '*', hasData: false }
11 silly mapToRegistry name normalize.css
12 silly mapToRegistry using default registry
13 silly mapToRegistry registry https://registry.npmjs.org/
14 silly mapToRegistry uri https://registry.npmjs.org/normalize.css
15 verbose addNameRange registry:https://registry.npmjs.org/normalize.css not in flight; fetching
16 verbose request uri https://registry.npmjs.org/normalize.css
17 verbose request no auth needed
18 info attempt registry request try #1 at 5:13:06 PM
19 verbose request id a3d15ba1c0e5ec5d
20 http request GET https://registry.npmjs.org/normalize.css
21 http 200 https://registry.npmjs.org/normalize.css
22 silly get cb [ 200,
22 silly get   { server: 'CouchDB/1.5.0 (Erlang OTP/R16B03)',
22 silly get     etag: '"8YA41A1FY1CQAV94T5PWFGU75"',
22 silly get     'content-type': 'application/json',
22 silly get     'cache-control': 'max-age=300',
22 silly get     'content-length': '7772',
22 silly get     'accept-ranges': 'bytes',
22 silly get     date: 'Wed, 16 Dec 2015 00:13:06 GMT',
22 silly get     via: '1.1 varnish',
22 silly get     age: '216',
22 silly get     connection: 'keep-alive',
22 silly get     'x-served-by': 'cache-dfw1832-DFW',
22 silly get     'x-cache': 'HIT',
22 silly get     'x-cache-hits': '1',
22 silly get     'x-timer': 'S1450224786.664721,VS0,VE0',
22 silly get     vary: 'Accept' } ]
23 verbose get saving normalize.css to /Users/justinMgrant/.npm/registry.npmjs.org/normalize.css/.cache.json
24 silly addNameRange number 2 { name: 'normalize.css', range: '*', hasData: true }
25 silly addNameRange versions [ 'normalize.css', [ '0.0.1', '3.0.1', '3.0.2', '3.0.3' ] ]
26 verbose addNamed normalize.css@3.0.3
27 silly addNamed semver.valid 3.0.3
28 silly addNamed semver.validRange 3.0.3
29 silly mapToRegistry name normalize.css
30 silly mapToRegistry using default registry
31 silly mapToRegistry registry https://registry.npmjs.org/
32 silly mapToRegistry uri https://registry.npmjs.org/normalize.css
33 verbose addRemoteTarball https://registry.npmjs.org/normalize.css/-/normalize.css-3.0.3.tgz not in flight; adding
34 verbose addRemoteTarball [ 'https://registry.npmjs.org/normalize.css/-/normalize.css-3.0.3.tgz',
34 verbose addRemoteTarball   'acc00262e235a2caa91363a2e5e3bfa4f8ad05c6' ]
35 info retry fetch attempt 1 at 5:13:06 PM
36 info attempt registry request try #1 at 5:13:06 PM
37 http fetch GET https://registry.npmjs.org/normalize.css/-/normalize.css-3.0.3.tgz
38 http fetch 200 https://registry.npmjs.org/normalize.css/-/normalize.css-3.0.3.tgz
39 silly fetchAndShaCheck shasum acc00262e235a2caa91363a2e5e3bfa4f8ad05c6
40 verbose addTmpTarball /var/folders/cx/yjrt5fzx2d7b11xj08qyr0dw0000gp/T/npm-98657-cefb069d/registry.npmjs.org/normalize.css/-/normalize.css-3.0.3.tgz not in flight; adding
41 verbose addTmpTarball already have metadata; skipping unpack for normalize.css@3.0.3
42 silly cache afterAdd normalize.css@3.0.3
43 verbose afterAdd /Users/justinMgrant/.npm/normalize.css/3.0.3/package/package.json not in flight; writing
44 verbose afterAdd /Users/justinMgrant/.npm/normalize.css/3.0.3/package/package.json written
45 silly install resolved [ { name: 'normalize.css',
45 silly install resolved     version: '3.0.3',
45 silly install resolved     description: 'Normalize.css as a node packaged module',
45 silly install resolved     style: 'normalize.css',
45 silly install resolved     files: [ 'LICENSE.md', 'normalize.css' ],
45 silly install resolved     homepage: 'http://necolas.github.io/normalize.css',
45 silly install resolved     repository:
45 silly install resolved      { type: 'git',
45 silly install resolved        url: 'git://github.com/necolas/normalize.css.git' },
45 silly install resolved     main: 'normalize.css',
45 silly install resolved     author: { name: 'Nicolas Gallagher' },
45 silly install resolved     license: 'MIT',
45 silly install resolved     gitHead: '2bdda84272650aedfb45d8abe11a6d177933a803',
45 silly install resolved     bugs: { url: 'https://github.com/necolas/normalize.css/issues' },
45 silly install resolved     _id: 'normalize.css@3.0.3',
45 silly install resolved     scripts: {},
45 silly install resolved     _shasum: 'acc00262e235a2caa91363a2e5e3bfa4f8ad05c6',
45 silly install resolved     _from: 'normalize.css@*',
45 silly install resolved     _npmVersion: '2.7.0',
45 silly install resolved     _nodeVersion: '0.10.35',
45 silly install resolved     _npmUser: { name: 'necolas', email: 'nicolasgallagher@gmail.com' },
45 silly install resolved     maintainers: [ [Object], [Object] ],
45 silly install resolved     dist:
45 silly install resolved      { shasum: 'acc00262e235a2caa91363a2e5e3bfa4f8ad05c6',
45 silly install resolved        tarball: 'http://registry.npmjs.org/normalize.css/-/normalize.css-3.0.3.tgz' },
45 silly install resolved     directories: {},
45 silly install resolved     _resolved: 'https://registry.npmjs.org/normalize.css/-/normalize.css-3.0.3.tgz' } ]
46 info install normalize.css@3.0.3 into /Users/justinMgrant/bloc-jams
47 info installOne normalize.css@3.0.3
48 verbose installOne of normalize.css to /Users/justinMgrant/bloc-jams not in flight; installing
49 warn locking Error: EACCES, open '/Users/justinMgrant/.npm/_locks/normalize-css-e872fd876acb3fe7.lock'
49 warn locking     at Error (native)
49 warn locking  /Users/justinMgrant/.npm/_locks/normalize-css-e872fd876acb3fe7.lock failed { [Error: EACCES, open '/Users/justinMgrant/.npm/_locks/normalize-css-e872fd876acb3fe7.lock']
49 warn locking   errno: -13,
49 warn locking   code: 'EACCES',
49 warn locking   path: '/Users/justinMgrant/.npm/_locks/normalize-css-e872fd876acb3fe7.lock' }
50 verbose stack Error: Attempt to unlock /Users/justinMgrant/bloc-jams/node_modules/normalize.css, which hasn't been locked
50 verbose stack     at unlock (/usr/local/lib/node_modules/npm/lib/utils/locker.js:66:11)
50 verbose stack     at cb (/usr/local/lib/node_modules/npm/lib/install.js:929:5)
50 verbose stack     at /usr/local/lib/node_modules/npm/lib/install.js:933:20
50 verbose stack     at /usr/local/lib/node_modules/npm/lib/utils/locker.js:40:9
50 verbose stack     at cb (/usr/local/lib/node_modules/npm/node_modules/lockfile/lockfile.js:149:38)
50 verbose stack     at /usr/local/lib/node_modules/npm/node_modules/lockfile/lockfile.js:177:38
50 verbose stack     at FSReqWrap.oncomplete (fs.js:99:15)
51 verbose cwd /Users/justinMgrant/bloc-jams
52 error Darwin 15.0.0
53 error argv "node" "/usr/local/bin/npm" "install" "normalize.css"
54 error node v0.12.0
55 error npm  v2.5.1
56 error Attempt to unlock /Users/justinMgrant/bloc-jams/node_modules/normalize.css, which hasn't been locked
57 error If you need help, you may report this error at:
57 error     <http://github.com/npm/npm/issues>
58 verbose exit [ 1, true ]
